<?xml version="1.0" encoding="UTF-8"?>
<robot generator="Robot 6.1.1 (Python 3.11.0 on win32)" generated="20231122 14:57:58.717" rpa="false" schemaversion="4">
<suite id="s1" name="ExemplosEstruturas" source="D:\ESTUDO\UDEMY\CursoUdemy\RobotFramework\WebTesting\ExemplosEstruturas">
<suite id="s1-s1" name="UsandoBlocosIF" source="D:\ESTUDO\UDEMY\CursoUdemy\RobotFramework\WebTesting\ExemplosEstruturas\UsandoBlocosIF.robot">
<test id="s1-s1-t1" name="01: Exemplo bloco IF" line="12">
<kw name="Log To Console" library="BuiltIn" type="SETUP">
<arg>${\n}</arg>
<doc>Logs the given message to the console.</doc>
<status status="PASS" starttime="20231122 14:57:58.736" endtime="20231122 14:57:58.736"/>
</kw>
<if>
<branch type="IF" condition="${STATUS} &gt; 0">
<kw name="Logar informações quando o status for maior que zero">
<status status="NOT RUN" starttime="20231122 14:57:58.737" endtime="20231122 14:57:58.737"/>
</kw>
<kw name="Log" library="BuiltIn">
<arg>message=Aqui executei um bloco de IF simples, pois a condição dada é VERDADEIRA!!!!</arg>
<arg>console=True</arg>
<doc>Logs the given message with the given level.</doc>
<status status="NOT RUN" starttime="20231122 14:57:58.737" endtime="20231122 14:57:58.737"/>
</kw>
<status status="NOT RUN" starttime="20231122 14:57:58.737" endtime="20231122 14:57:58.737"/>
</branch>
<status status="PASS" starttime="20231122 14:57:58.737" endtime="20231122 14:57:58.737"/>
</if>
<kw name="Log To Console" library="BuiltIn" type="TEARDOWN">
<arg>${\n}</arg>
<doc>Logs the given message to the console.</doc>
<status status="PASS" starttime="20231122 14:57:58.737" endtime="20231122 14:57:58.737"/>
</kw>
<status status="PASS" starttime="20231122 14:57:58.736" endtime="20231122 14:57:58.737"/>
</test>
<test id="s1-s1-t2" name="02: Exemplo com dois blocos IF e ELSE" line="18">
<kw name="Log To Console" library="BuiltIn" type="SETUP">
<arg>${\n}</arg>
<doc>Logs the given message to the console.</doc>
<status status="PASS" starttime="20231122 14:57:58.739" endtime="20231122 14:57:58.739"/>
</kw>
<if>
<branch type="IF" condition="${STATUS} &gt; 0">
<kw name="Logar informações quando o status for maior que zero">
<status status="NOT RUN" starttime="20231122 14:57:58.739" endtime="20231122 14:57:58.739"/>
</kw>
<kw name="Log" library="BuiltIn">
<arg>message=Aqui executei um bloco de IF com ELSE e caiu no bloco que corresponde a condição VERDADEIRA!!!!</arg>
<arg>console=True</arg>
<doc>Logs the given message with the given level.</doc>
<status status="NOT RUN" starttime="20231122 14:57:58.739" endtime="20231122 14:57:58.739"/>
</kw>
<status status="NOT RUN" starttime="20231122 14:57:58.739" endtime="20231122 14:57:58.739"/>
</branch>
<branch type="ELSE">
<kw name="Logar informações quando o status for menor ou igual que zero">
<kw name="Log" library="BuiltIn">
<arg>O STATUS [${STATUS}] é menor ou igual a zero!</arg>
<doc>Logs the given message with the given level.</doc>
<msg timestamp="20231122 14:57:58.740" level="INFO">O STATUS [0] é menor ou igual a zero!</msg>
<status status="PASS" starttime="20231122 14:57:58.740" endtime="20231122 14:57:58.740"/>
</kw>
<kw name="Log To Console" library="BuiltIn">
<arg>O STATUS [${STATUS}] é menor ou igual a zero!</arg>
<doc>Logs the given message to the console.</doc>
<status status="PASS" starttime="20231122 14:57:58.740" endtime="20231122 14:57:58.740"/>
</kw>
<status status="PASS" starttime="20231122 14:57:58.740" endtime="20231122 14:57:58.740"/>
</kw>
<kw name="Log" library="BuiltIn">
<arg>message=Aqui executei um bloco de IF com ELSE e caiu no bloco que corresponde a condição FALSA!!!!</arg>
<arg>console=True</arg>
<doc>Logs the given message with the given level.</doc>
<msg timestamp="20231122 14:57:58.741" level="INFO">Aqui executei um bloco de IF com ELSE e caiu no bloco que corresponde a condição FALSA!!!!</msg>
<status status="PASS" starttime="20231122 14:57:58.740" endtime="20231122 14:57:58.741"/>
</kw>
<status status="PASS" starttime="20231122 14:57:58.739" endtime="20231122 14:57:58.741"/>
</branch>
<status status="PASS" starttime="20231122 14:57:58.739" endtime="20231122 14:57:58.741"/>
</if>
<kw name="Log To Console" library="BuiltIn" type="TEARDOWN">
<arg>${\n}</arg>
<doc>Logs the given message to the console.</doc>
<status status="PASS" starttime="20231122 14:57:58.741" endtime="20231122 14:57:58.742"/>
</kw>
<status status="PASS" starttime="20231122 14:57:58.738" endtime="20231122 14:57:58.742"/>
</test>
<test id="s1-s1-t3" name="03: Exemplo blocos IF - ELSE IF" line="27">
<kw name="Log To Console" library="BuiltIn" type="SETUP">
<arg>${\n}</arg>
<doc>Logs the given message to the console.</doc>
<status status="PASS" starttime="20231122 14:57:58.743" endtime="20231122 14:57:58.743"/>
</kw>
<if>
<branch type="IF" condition="${STATUS} &gt; 0">
<kw name="Logar informações quando o status for maior que zero">
<status status="NOT RUN" starttime="20231122 14:57:58.743" endtime="20231122 14:57:58.743"/>
</kw>
<kw name="Log" library="BuiltIn">
<arg>message=Aqui executei um bloco de IFs aninhados e caiu no bloco que corresponde a condição VERDADEIRA do primeiro IF!!!!</arg>
<arg>console=True</arg>
<doc>Logs the given message with the given level.</doc>
<status status="NOT RUN" starttime="20231122 14:57:58.743" endtime="20231122 14:57:58.743"/>
</kw>
<status status="NOT RUN" starttime="20231122 14:57:58.743" endtime="20231122 14:57:58.743"/>
</branch>
<branch type="ELSE IF" condition="${STATUS} &lt; 0">
<kw name="Logar informações quando o status for menor que zero">
<status status="NOT RUN" starttime="20231122 14:57:58.743" endtime="20231122 14:57:58.743"/>
</kw>
<kw name="Log" library="BuiltIn">
<arg>message=Aqui executei um bloco de IFs aninhados e caiu no bloco que corresponde a condição VERDADEIRA do segundo IF!!!!</arg>
<arg>console=True</arg>
<doc>Logs the given message with the given level.</doc>
<status status="NOT RUN" starttime="20231122 14:57:58.743" endtime="20231122 14:57:58.743"/>
</kw>
<status status="NOT RUN" starttime="20231122 14:57:58.743" endtime="20231122 14:57:58.743"/>
</branch>
<branch type="ELSE IF" condition="${STATUS} == 0">
<kw name="Logar informações quando o status for igual a zero">
<kw name="Log" library="BuiltIn">
<arg>O STATUS [${STATUS}] é igual a zero!</arg>
<doc>Logs the given message with the given level.</doc>
<msg timestamp="20231122 14:57:58.744" level="INFO">O STATUS [0] é igual a zero!</msg>
<status status="PASS" starttime="20231122 14:57:58.744" endtime="20231122 14:57:58.744"/>
</kw>
<kw name="Log To Console" library="BuiltIn">
<arg>O STATUS [${STATUS}] é igual a zero!</arg>
<doc>Logs the given message to the console.</doc>
<status status="PASS" starttime="20231122 14:57:58.744" endtime="20231122 14:57:58.744"/>
</kw>
<status status="PASS" starttime="20231122 14:57:58.744" endtime="20231122 14:57:58.744"/>
</kw>
<kw name="Log" library="BuiltIn">
<arg>message=Aqui executei um bloco de IFs aninhados e caiu no bloco que corresponde a condição VERDADEIRA do terceiro IF!!!!</arg>
<arg>console=True</arg>
<doc>Logs the given message with the given level.</doc>
<msg timestamp="20231122 14:57:58.744" level="INFO">Aqui executei um bloco de IFs aninhados e caiu no bloco que corresponde a condição VERDADEIRA do terceiro IF!!!!</msg>
<status status="PASS" starttime="20231122 14:57:58.744" endtime="20231122 14:57:58.744"/>
</kw>
<status status="PASS" starttime="20231122 14:57:58.744" endtime="20231122 14:57:58.744"/>
</branch>
<branch type="ELSE">
<if>
<branch type="IF" condition="${STATUS} == ${EMPTY}">
<kw name="Fail" library="BuiltIn">
<arg>O STATUS está vazio!</arg>
<doc>Fails the test with the given message and optionally alters its tags.</doc>
<status status="NOT RUN" starttime="20231122 14:57:58.745" endtime="20231122 14:57:58.745"/>
</kw>
<status status="NOT RUN" starttime="20231122 14:57:58.745" endtime="20231122 14:57:58.745"/>
</branch>
<branch type="ELSE">
<kw name="Fail" library="BuiltIn">
<arg>O STATUS ${STATUS} tem um valor desconhecido!</arg>
<doc>Fails the test with the given message and optionally alters its tags.</doc>
<status status="NOT RUN" starttime="20231122 14:57:58.745" endtime="20231122 14:57:58.745"/>
</kw>
<status status="NOT RUN" starttime="20231122 14:57:58.745" endtime="20231122 14:57:58.745"/>
</branch>
<status status="NOT RUN" starttime="20231122 14:57:58.745" endtime="20231122 14:57:58.745"/>
</if>
<status status="NOT RUN" starttime="20231122 14:57:58.745" endtime="20231122 14:57:58.745"/>
</branch>
<status status="PASS" starttime="20231122 14:57:58.743" endtime="20231122 14:57:58.745"/>
</if>
<kw name="Log To Console" library="BuiltIn" type="TEARDOWN">
<arg>${\n}</arg>
<doc>Logs the given message to the console.</doc>
<status status="PASS" starttime="20231122 14:57:58.745" endtime="20231122 14:57:58.746"/>
</kw>
<status status="PASS" starttime="20231122 14:57:58.742" endtime="20231122 14:57:58.746"/>
</test>
<doc>Suíte de exmeplo didático para exemplificar o uso de IF nos testes</doc>
<status status="PASS" starttime="20231122 14:57:58.733" endtime="20231122 14:57:58.747"/>
</suite>
<suite id="s1-s2" name="UsandoLogs" source="D:\ESTUDO\UDEMY\CursoUdemy\RobotFramework\WebTesting\ExemplosEstruturas\UsandoLogs.robot">
<test id="s1-s2-t1" name="Caso de teste exemplo 01" line="12">
<kw name="Usando LOG para mensagens">
<kw name="Log" library="BuiltIn">
<arg>Minha mensagem de LOG</arg>
<doc>Logs the given message with the given level.</doc>
<msg timestamp="20231122 14:57:58.967" level="INFO">Minha mensagem de LOG</msg>
<status status="PASS" starttime="20231122 14:57:58.967" endtime="20231122 14:57:58.967"/>
</kw>
<kw name="Set Variable" library="BuiltIn">
<var>${VAR}</var>
<arg>variável qualquer</arg>
<doc>Returns the given values which can then be assigned to a variables.</doc>
<msg timestamp="20231122 14:57:58.968" level="INFO">${VAR} = variável qualquer</msg>
<status status="PASS" starttime="20231122 14:57:58.967" endtime="20231122 14:57:58.968"/>
</kw>
<kw name="Log" library="BuiltIn">
<arg>Posso logar uma ${VAR} no meio de um log</arg>
<doc>Logs the given message with the given level.</doc>
<msg timestamp="20231122 14:57:58.968" level="INFO">Posso logar uma variável qualquer no meio de um log</msg>
<status status="PASS" starttime="20231122 14:57:58.968" endtime="20231122 14:57:58.968"/>
</kw>
<status status="PASS" starttime="20231122 14:57:58.967" endtime="20231122 14:57:58.968"/>
</kw>
<kw name="Usando LOG Console">
<kw name="Log To Console" library="BuiltIn">
<arg>Posso logar na saída do console</arg>
<doc>Logs the given message to the console.</doc>
<status status="PASS" starttime="20231122 14:57:58.968" endtime="20231122 14:57:58.968"/>
</kw>
<kw name="Log Many" library="BuiltIn">
<arg>Posso logar minha lista completa @{FRUTAS}</arg>
<doc>Logs the given messages as separate entries using the INFO level.</doc>
<msg timestamp="20231122 14:57:58.969" level="INFO">Posso logar minha lista completa ['maça', 'banana', 'uva', 'abacaxi']</msg>
<status status="PASS" starttime="20231122 14:57:58.968" endtime="20231122 14:57:58.969"/>
</kw>
<kw name="Log" library="BuiltIn">
<arg>Posso logar somente itens da minha lista ${FRUTAS[0]} - ${FRUTAS[1]}</arg>
<doc>Logs the given message with the given level.</doc>
<msg timestamp="20231122 14:57:58.969" level="INFO">Posso logar somente itens da minha lista maça - banana</msg>
<status status="PASS" starttime="20231122 14:57:58.969" endtime="20231122 14:57:58.969"/>
</kw>
<status status="PASS" starttime="20231122 14:57:58.968" endtime="20231122 14:57:58.969"/>
</kw>
<kw name="Usando screen shots">
<kw name="Log" library="BuiltIn">
<arg>Nos testes web, podemos logar Screenshot com a SeleniumLibrary</arg>
<doc>Logs the given message with the given level.</doc>
<msg timestamp="20231122 14:57:58.970" level="INFO">Nos testes web, podemos logar Screenshot com a SeleniumLibrary</msg>
<status status="PASS" starttime="20231122 14:57:58.970" endtime="20231122 14:57:58.970"/>
</kw>
<kw name="Open Browser" library="SeleniumLibrary">
<arg>http://www.robotizandotestes.blogspot.com.br</arg>
<arg>chrome</arg>
<doc>Opens a new browser instance to the optional ``url``.</doc>
<msg timestamp="20231122 14:57:58.971" level="INFO">Opening browser 'chrome' to base url 'http://www.robotizandotestes.blogspot.com.br'.</msg>
<status status="PASS" starttime="20231122 14:57:58.970" endtime="20231122 14:58:03.336"/>
</kw>
<kw name="Capture Page Screenshot" library="SeleniumLibrary">
<arg>nome_do_meuscreenshot.png</arg>
<doc>Takes a screenshot of the current page and embeds it into a log file.</doc>
<msg timestamp="20231122 14:58:03.427" level="INFO" html="true">&lt;/td&gt;&lt;/tr&gt;&lt;tr&gt;&lt;td colspan="3"&gt;&lt;a href="nome_do_meuscreenshot.png"&gt;&lt;img src="nome_do_meuscreenshot.png" width="800px"&gt;&lt;/a&gt;</msg>
<status status="PASS" starttime="20231122 14:58:03.336" endtime="20231122 14:58:03.427"/>
</kw>
<kw name="Close Browser" library="SeleniumLibrary">
<doc>Closes the current browser.</doc>
<status status="PASS" starttime="20231122 14:58:03.427" endtime="20231122 14:58:05.540"/>
</kw>
<status status="PASS" starttime="20231122 14:57:58.970" endtime="20231122 14:58:05.540"/>
</kw>
<status status="PASS" starttime="20231122 14:57:58.967" endtime="20231122 14:58:05.541"/>
</test>
<doc>Suíte de exemplo didático para exemplificar o uso de LOGs nos testes
Os LOGs são de grande utilidade, faça LOGs para analisar como seu teste está sendo executado nas entrelinhas
Os LOGs te ajudam a achar falhas na automação dos seus testes
Use LOGs sem moderação!!</doc>
<status status="PASS" starttime="20231122 14:57:58.748" endtime="20231122 14:58:05.542"/>
</suite>
<suite id="s1-s3" name="UsandoLoops" source="D:\ESTUDO\UDEMY\CursoUdemy\RobotFramework\WebTesting\ExemplosEstruturas\UsandoLoops.robot">
<test id="s1-s3-t1" name="Teste de REPEAT KEYWORD" line="9">
<kw name="Usando Repeat keyword">
<kw name="Log To Console" library="BuiltIn">
<arg>${\n}</arg>
<doc>Logs the given message to the console.</doc>
<status status="PASS" starttime="20231122 14:58:05.546" endtime="20231122 14:58:05.546"/>
</kw>
<kw name="Repeat Keyword" library="BuiltIn">
<arg>8x</arg>
<arg>Log To Console</arg>
<arg>Minha repetição da keyword!!!</arg>
<doc>Executes the specified keyword multiple times.</doc>
<msg timestamp="20231122 14:58:05.547" level="INFO">Repeating keyword, round 1/8.</msg>
<kw name="Log To Console" library="BuiltIn">
<arg>Minha repetição da keyword!!!</arg>
<doc>Logs the given message to the console.</doc>
<status status="PASS" starttime="20231122 14:58:05.547" endtime="20231122 14:58:05.547"/>
</kw>
<msg timestamp="20231122 14:58:05.547" level="INFO">Repeating keyword, round 2/8.</msg>
<kw name="Log To Console" library="BuiltIn">
<arg>Minha repetição da keyword!!!</arg>
<doc>Logs the given message to the console.</doc>
<status status="PASS" starttime="20231122 14:58:05.547" endtime="20231122 14:58:05.547"/>
</kw>
<msg timestamp="20231122 14:58:05.547" level="INFO">Repeating keyword, round 3/8.</msg>
<kw name="Log To Console" library="BuiltIn">
<arg>Minha repetição da keyword!!!</arg>
<doc>Logs the given message to the console.</doc>
<status status="PASS" starttime="20231122 14:58:05.547" endtime="20231122 14:58:05.547"/>
</kw>
<msg timestamp="20231122 14:58:05.547" level="INFO">Repeating keyword, round 4/8.</msg>
<kw name="Log To Console" library="BuiltIn">
<arg>Minha repetição da keyword!!!</arg>
<doc>Logs the given message to the console.</doc>
<status status="PASS" starttime="20231122 14:58:05.547" endtime="20231122 14:58:05.548"/>
</kw>
<msg timestamp="20231122 14:58:05.548" level="INFO">Repeating keyword, round 5/8.</msg>
<kw name="Log To Console" library="BuiltIn">
<arg>Minha repetição da keyword!!!</arg>
<doc>Logs the given message to the console.</doc>
<status status="PASS" starttime="20231122 14:58:05.548" endtime="20231122 14:58:05.548"/>
</kw>
<msg timestamp="20231122 14:58:05.548" level="INFO">Repeating keyword, round 6/8.</msg>
<kw name="Log To Console" library="BuiltIn">
<arg>Minha repetição da keyword!!!</arg>
<doc>Logs the given message to the console.</doc>
<status status="PASS" starttime="20231122 14:58:05.548" endtime="20231122 14:58:05.548"/>
</kw>
<msg timestamp="20231122 14:58:05.548" level="INFO">Repeating keyword, round 7/8.</msg>
<kw name="Log To Console" library="BuiltIn">
<arg>Minha repetição da keyword!!!</arg>
<doc>Logs the given message to the console.</doc>
<status status="PASS" starttime="20231122 14:58:05.549" endtime="20231122 14:58:05.549"/>
</kw>
<msg timestamp="20231122 14:58:05.549" level="INFO">Repeating keyword, round 8/8.</msg>
<kw name="Log To Console" library="BuiltIn">
<arg>Minha repetição da keyword!!!</arg>
<doc>Logs the given message to the console.</doc>
<status status="PASS" starttime="20231122 14:58:05.549" endtime="20231122 14:58:05.549"/>
</kw>
<status status="PASS" starttime="20231122 14:58:05.546" endtime="20231122 14:58:05.549"/>
</kw>
<status status="PASS" starttime="20231122 14:58:05.546" endtime="20231122 14:58:05.549"/>
</kw>
<doc>Chama uma mesma keyword várias vezes</doc>
<status status="PASS" starttime="20231122 14:58:05.546" endtime="20231122 14:58:05.549"/>
</test>
<test id="s1-s3-t2" name="Teste de FOR do tipo IN RANGE" line="13">
<kw name="Usando FOR IN RANGE">
<kw name="Log To Console" library="BuiltIn">
<arg>${\n}</arg>
<doc>Logs the given message to the console.</doc>
<status status="PASS" starttime="20231122 14:58:05.550" endtime="20231122 14:58:05.550"/>
</kw>
<for flavor="IN RANGE">
<var>${CONTADOR}</var>
<value>0</value>
<value>5</value>
<iter>
<var name="${CONTADOR}">0</var>
<kw name="Log To Console" library="BuiltIn">
<arg>Minha posição agora é: ${CONTADOR}</arg>
<doc>Logs the given message to the console.</doc>
<status status="PASS" starttime="20231122 14:58:05.551" endtime="20231122 14:58:05.551"/>
</kw>
<kw name="Log" library="BuiltIn">
<arg>Minha posição agora é: ${CONTADOR}</arg>
<doc>Logs the given message with the given level.</doc>
<msg timestamp="20231122 14:58:05.551" level="INFO">Minha posição agora é: 0</msg>
<status status="PASS" starttime="20231122 14:58:05.551" endtime="20231122 14:58:05.551"/>
</kw>
<status status="PASS" starttime="20231122 14:58:05.551" endtime="20231122 14:58:05.551"/>
</iter>
<iter>
<var name="${CONTADOR}">1</var>
<kw name="Log To Console" library="BuiltIn">
<arg>Minha posição agora é: ${CONTADOR}</arg>
<doc>Logs the given message to the console.</doc>
<status status="PASS" starttime="20231122 14:58:05.551" endtime="20231122 14:58:05.552"/>
</kw>
<kw name="Log" library="BuiltIn">
<arg>Minha posição agora é: ${CONTADOR}</arg>
<doc>Logs the given message with the given level.</doc>
<msg timestamp="20231122 14:58:05.552" level="INFO">Minha posição agora é: 1</msg>
<status status="PASS" starttime="20231122 14:58:05.552" endtime="20231122 14:58:05.552"/>
</kw>
<status status="PASS" starttime="20231122 14:58:05.551" endtime="20231122 14:58:05.552"/>
</iter>
<iter>
<var name="${CONTADOR}">2</var>
<kw name="Log To Console" library="BuiltIn">
<arg>Minha posição agora é: ${CONTADOR}</arg>
<doc>Logs the given message to the console.</doc>
<status status="PASS" starttime="20231122 14:58:05.552" endtime="20231122 14:58:05.553"/>
</kw>
<kw name="Log" library="BuiltIn">
<arg>Minha posição agora é: ${CONTADOR}</arg>
<doc>Logs the given message with the given level.</doc>
<msg timestamp="20231122 14:58:05.553" level="INFO">Minha posição agora é: 2</msg>
<status status="PASS" starttime="20231122 14:58:05.553" endtime="20231122 14:58:05.553"/>
</kw>
<status status="PASS" starttime="20231122 14:58:05.552" endtime="20231122 14:58:05.553"/>
</iter>
<iter>
<var name="${CONTADOR}">3</var>
<kw name="Log To Console" library="BuiltIn">
<arg>Minha posição agora é: ${CONTADOR}</arg>
<doc>Logs the given message to the console.</doc>
<status status="PASS" starttime="20231122 14:58:05.553" endtime="20231122 14:58:05.553"/>
</kw>
<kw name="Log" library="BuiltIn">
<arg>Minha posição agora é: ${CONTADOR}</arg>
<doc>Logs the given message with the given level.</doc>
<msg timestamp="20231122 14:58:05.554" level="INFO">Minha posição agora é: 3</msg>
<status status="PASS" starttime="20231122 14:58:05.554" endtime="20231122 14:58:05.554"/>
</kw>
<status status="PASS" starttime="20231122 14:58:05.553" endtime="20231122 14:58:05.554"/>
</iter>
<iter>
<var name="${CONTADOR}">4</var>
<kw name="Log To Console" library="BuiltIn">
<arg>Minha posição agora é: ${CONTADOR}</arg>
<doc>Logs the given message to the console.</doc>
<status status="PASS" starttime="20231122 14:58:05.554" endtime="20231122 14:58:05.554"/>
</kw>
<kw name="Log" library="BuiltIn">
<arg>Minha posição agora é: ${CONTADOR}</arg>
<doc>Logs the given message with the given level.</doc>
<msg timestamp="20231122 14:58:05.554" level="INFO">Minha posição agora é: 4</msg>
<status status="PASS" starttime="20231122 14:58:05.554" endtime="20231122 14:58:05.554"/>
</kw>
<status status="PASS" starttime="20231122 14:58:05.554" endtime="20231122 14:58:05.554"/>
</iter>
<status status="PASS" starttime="20231122 14:58:05.550" endtime="20231122 14:58:05.554"/>
</for>
<status status="PASS" starttime="20231122 14:58:05.550" endtime="20231122 14:58:05.554"/>
</kw>
<doc>Faz um loop dentro de um intervalo que você passar</doc>
<status status="PASS" starttime="20231122 14:58:05.550" endtime="20231122 14:58:05.554"/>
</test>
<test id="s1-s3-t3" name="Teste de FOR do tipo IN" line="17">
<kw name="Usando FOR IN">
<kw name="Log To Console" library="BuiltIn">
<arg>${\n}</arg>
<doc>Logs the given message to the console.</doc>
<status status="PASS" starttime="20231122 14:58:05.555" endtime="20231122 14:58:05.556"/>
</kw>
<for flavor="IN">
<var>${FRUTA}</var>
<value>@{MINHA_LISTA_DE_FRUTAS}</value>
<iter>
<var name="${FRUTA}">maça</var>
<kw name="Log To Console" library="BuiltIn">
<arg>Minha fruta é: ${FRUTA}!</arg>
<doc>Logs the given message to the console.</doc>
<status status="PASS" starttime="20231122 14:58:05.556" endtime="20231122 14:58:05.556"/>
</kw>
<kw name="No Operation" library="BuiltIn">
<doc>Does absolutely nothing.</doc>
<status status="PASS" starttime="20231122 14:58:05.557" endtime="20231122 14:58:05.557"/>
</kw>
<status status="PASS" starttime="20231122 14:58:05.556" endtime="20231122 14:58:05.557"/>
</iter>
<iter>
<var name="${FRUTA}">abacaxi</var>
<kw name="Log To Console" library="BuiltIn">
<arg>Minha fruta é: ${FRUTA}!</arg>
<doc>Logs the given message to the console.</doc>
<status status="PASS" starttime="20231122 14:58:05.557" endtime="20231122 14:58:05.557"/>
</kw>
<kw name="No Operation" library="BuiltIn">
<doc>Does absolutely nothing.</doc>
<status status="PASS" starttime="20231122 14:58:05.557" endtime="20231122 14:58:05.557"/>
</kw>
<status status="PASS" starttime="20231122 14:58:05.557" endtime="20231122 14:58:05.557"/>
</iter>
<iter>
<var name="${FRUTA}">banana</var>
<kw name="Log To Console" library="BuiltIn">
<arg>Minha fruta é: ${FRUTA}!</arg>
<doc>Logs the given message to the console.</doc>
<status status="PASS" starttime="20231122 14:58:05.557" endtime="20231122 14:58:05.558"/>
</kw>
<kw name="No Operation" library="BuiltIn">
<doc>Does absolutely nothing.</doc>
<status status="PASS" starttime="20231122 14:58:05.558" endtime="20231122 14:58:05.558"/>
</kw>
<status status="PASS" starttime="20231122 14:58:05.557" endtime="20231122 14:58:05.558"/>
</iter>
<iter>
<var name="${FRUTA}">morango</var>
<kw name="Log To Console" library="BuiltIn">
<arg>Minha fruta é: ${FRUTA}!</arg>
<doc>Logs the given message to the console.</doc>
<status status="PASS" starttime="20231122 14:58:05.558" endtime="20231122 14:58:05.558"/>
</kw>
<kw name="No Operation" library="BuiltIn">
<doc>Does absolutely nothing.</doc>
<status status="PASS" starttime="20231122 14:58:05.558" endtime="20231122 14:58:05.558"/>
</kw>
<status status="PASS" starttime="20231122 14:58:05.558" endtime="20231122 14:58:05.558"/>
</iter>
<iter>
<var name="${FRUTA}">laranja</var>
<kw name="Log To Console" library="BuiltIn">
<arg>Minha fruta é: ${FRUTA}!</arg>
<doc>Logs the given message to the console.</doc>
<status status="PASS" starttime="20231122 14:58:05.558" endtime="20231122 14:58:05.559"/>
</kw>
<kw name="No Operation" library="BuiltIn">
<doc>Does absolutely nothing.</doc>
<status status="PASS" starttime="20231122 14:58:05.559" endtime="20231122 14:58:05.559"/>
</kw>
<status status="PASS" starttime="20231122 14:58:05.558" endtime="20231122 14:58:05.559"/>
</iter>
<iter>
<var name="${FRUTA}">uva</var>
<kw name="Log To Console" library="BuiltIn">
<arg>Minha fruta é: ${FRUTA}!</arg>
<doc>Logs the given message to the console.</doc>
<status status="PASS" starttime="20231122 14:58:05.559" endtime="20231122 14:58:05.559"/>
</kw>
<kw name="No Operation" library="BuiltIn">
<doc>Does absolutely nothing.</doc>
<status status="PASS" starttime="20231122 14:58:05.559" endtime="20231122 14:58:05.559"/>
</kw>
<status status="PASS" starttime="20231122 14:58:05.559" endtime="20231122 14:58:05.559"/>
</iter>
<status status="PASS" starttime="20231122 14:58:05.556" endtime="20231122 14:58:05.559"/>
</for>
<status status="PASS" starttime="20231122 14:58:05.555" endtime="20231122 14:58:05.560"/>
</kw>
<doc>Faz um loop percorrendo a lista que você passar</doc>
<status status="PASS" starttime="20231122 14:58:05.555" endtime="20231122 14:58:05.560"/>
</test>
<test id="s1-s3-t4" name="Teste de FOR do tipo IN ENUMERATE" line="21">
<kw name="Usando FOR IN ENUMERATE">
<kw name="Log To Console" library="BuiltIn">
<arg>${\n}</arg>
<doc>Logs the given message to the console.</doc>
<status status="PASS" starttime="20231122 14:58:05.561" endtime="20231122 14:58:05.562"/>
</kw>
<for flavor="IN ENUMERATE">
<var>${INDICE}</var>
<var>${FRUTA}</var>
<value>@{MINHA_LISTA_DE_FRUTAS}</value>
<iter>
<var name="${INDICE}">0</var>
<var name="${FRUTA}">maça</var>
<kw name="Log To Console" library="BuiltIn">
<arg>Minha fruta é: ${INDICE} --&gt; ${FRUTA}!</arg>
<doc>Logs the given message to the console.</doc>
<status status="PASS" starttime="20231122 14:58:05.562" endtime="20231122 14:58:05.562"/>
</kw>
<kw name="No Operation" library="BuiltIn">
<doc>Does absolutely nothing.</doc>
<status status="PASS" starttime="20231122 14:58:05.562" endtime="20231122 14:58:05.562"/>
</kw>
<status status="PASS" starttime="20231122 14:58:05.562" endtime="20231122 14:58:05.562"/>
</iter>
<iter>
<var name="${INDICE}">1</var>
<var name="${FRUTA}">abacaxi</var>
<kw name="Log To Console" library="BuiltIn">
<arg>Minha fruta é: ${INDICE} --&gt; ${FRUTA}!</arg>
<doc>Logs the given message to the console.</doc>
<status status="PASS" starttime="20231122 14:58:05.563" endtime="20231122 14:58:05.563"/>
</kw>
<kw name="No Operation" library="BuiltIn">
<doc>Does absolutely nothing.</doc>
<status status="PASS" starttime="20231122 14:58:05.563" endtime="20231122 14:58:05.563"/>
</kw>
<status status="PASS" starttime="20231122 14:58:05.563" endtime="20231122 14:58:05.563"/>
</iter>
<iter>
<var name="${INDICE}">2</var>
<var name="${FRUTA}">banana</var>
<kw name="Log To Console" library="BuiltIn">
<arg>Minha fruta é: ${INDICE} --&gt; ${FRUTA}!</arg>
<doc>Logs the given message to the console.</doc>
<status status="PASS" starttime="20231122 14:58:05.563" endtime="20231122 14:58:05.563"/>
</kw>
<kw name="No Operation" library="BuiltIn">
<doc>Does absolutely nothing.</doc>
<status status="PASS" starttime="20231122 14:58:05.563" endtime="20231122 14:58:05.563"/>
</kw>
<status status="PASS" starttime="20231122 14:58:05.563" endtime="20231122 14:58:05.563"/>
</iter>
<iter>
<var name="${INDICE}">3</var>
<var name="${FRUTA}">morango</var>
<kw name="Log To Console" library="BuiltIn">
<arg>Minha fruta é: ${INDICE} --&gt; ${FRUTA}!</arg>
<doc>Logs the given message to the console.</doc>
<status status="PASS" starttime="20231122 14:58:05.564" endtime="20231122 14:58:05.564"/>
</kw>
<kw name="No Operation" library="BuiltIn">
<doc>Does absolutely nothing.</doc>
<status status="PASS" starttime="20231122 14:58:05.564" endtime="20231122 14:58:05.564"/>
</kw>
<status status="PASS" starttime="20231122 14:58:05.564" endtime="20231122 14:58:05.564"/>
</iter>
<iter>
<var name="${INDICE}">4</var>
<var name="${FRUTA}">laranja</var>
<kw name="Log To Console" library="BuiltIn">
<arg>Minha fruta é: ${INDICE} --&gt; ${FRUTA}!</arg>
<doc>Logs the given message to the console.</doc>
<status status="PASS" starttime="20231122 14:58:05.564" endtime="20231122 14:58:05.564"/>
</kw>
<kw name="No Operation" library="BuiltIn">
<doc>Does absolutely nothing.</doc>
<status status="PASS" starttime="20231122 14:58:05.564" endtime="20231122 14:58:05.564"/>
</kw>
<status status="PASS" starttime="20231122 14:58:05.564" endtime="20231122 14:58:05.564"/>
</iter>
<iter>
<var name="${INDICE}">5</var>
<var name="${FRUTA}">uva</var>
<kw name="Log To Console" library="BuiltIn">
<arg>Minha fruta é: ${INDICE} --&gt; ${FRUTA}!</arg>
<doc>Logs the given message to the console.</doc>
<status status="PASS" starttime="20231122 14:58:05.564" endtime="20231122 14:58:05.565"/>
</kw>
<kw name="No Operation" library="BuiltIn">
<doc>Does absolutely nothing.</doc>
<status status="PASS" starttime="20231122 14:58:05.565" endtime="20231122 14:58:05.565"/>
</kw>
<status status="PASS" starttime="20231122 14:58:05.564" endtime="20231122 14:58:05.565"/>
</iter>
<status status="PASS" starttime="20231122 14:58:05.562" endtime="20231122 14:58:05.565"/>
</for>
<status status="PASS" starttime="20231122 14:58:05.561" endtime="20231122 14:58:05.565"/>
</kw>
<doc>Faz um loop percorrendo a lista que você passar e percorre o indíce da lista</doc>
<status status="PASS" starttime="20231122 14:58:05.560" endtime="20231122 14:58:05.565"/>
</test>
<test id="s1-s3-t5" name="Teste de Sair do FOR" line="25">
<kw name="Usando FOR IN com EXIT FOR LOOP IF">
<kw name="Log To Console" library="BuiltIn">
<arg>${\n}</arg>
<doc>Logs the given message to the console.</doc>
<status status="PASS" starttime="20231122 14:58:05.567" endtime="20231122 14:58:05.568"/>
</kw>
<for flavor="IN ENUMERATE">
<var>${INDICE}</var>
<var>${FRUTA}</var>
<value>@{MINHA_LISTA_DE_FRUTAS}</value>
<iter>
<var name="${INDICE}">0</var>
<var name="${FRUTA}">maça</var>
<kw name="Log To Console" library="BuiltIn">
<arg>Minha fruta é: ${INDICE} --&gt; ${FRUTA}!</arg>
<doc>Logs the given message to the console.</doc>
<status status="PASS" starttime="20231122 14:58:05.569" endtime="20231122 14:58:05.569"/>
</kw>
<kw name="Exit For Loop If" library="BuiltIn">
<arg>'${FRUTA}'=='banana'</arg>
<doc>Stops executing the enclosing FOR loop if the ``condition`` is true.</doc>
<status status="PASS" starttime="20231122 14:58:05.569" endtime="20231122 14:58:05.570"/>
</kw>
<status status="PASS" starttime="20231122 14:58:05.569" endtime="20231122 14:58:05.570"/>
</iter>
<iter>
<var name="${INDICE}">1</var>
<var name="${FRUTA}">abacaxi</var>
<kw name="Log To Console" library="BuiltIn">
<arg>Minha fruta é: ${INDICE} --&gt; ${FRUTA}!</arg>
<doc>Logs the given message to the console.</doc>
<status status="PASS" starttime="20231122 14:58:05.570" endtime="20231122 14:58:05.570"/>
</kw>
<kw name="Exit For Loop If" library="BuiltIn">
<arg>'${FRUTA}'=='banana'</arg>
<doc>Stops executing the enclosing FOR loop if the ``condition`` is true.</doc>
<status status="PASS" starttime="20231122 14:58:05.570" endtime="20231122 14:58:05.570"/>
</kw>
<status status="PASS" starttime="20231122 14:58:05.570" endtime="20231122 14:58:05.570"/>
</iter>
<iter>
<var name="${INDICE}">2</var>
<var name="${FRUTA}">banana</var>
<kw name="Log To Console" library="BuiltIn">
<arg>Minha fruta é: ${INDICE} --&gt; ${FRUTA}!</arg>
<doc>Logs the given message to the console.</doc>
<status status="PASS" starttime="20231122 14:58:05.570" endtime="20231122 14:58:05.571"/>
</kw>
<kw name="Exit For Loop If" library="BuiltIn">
<arg>'${FRUTA}'=='banana'</arg>
<doc>Stops executing the enclosing FOR loop if the ``condition`` is true.</doc>
<msg timestamp="20231122 14:58:05.571" level="INFO">Exiting for loop altogether.</msg>
<status status="PASS" starttime="20231122 14:58:05.571" endtime="20231122 14:58:05.571"/>
</kw>
<status status="PASS" starttime="20231122 14:58:05.570" endtime="20231122 14:58:05.571"/>
</iter>
<status status="PASS" starttime="20231122 14:58:05.569" endtime="20231122 14:58:05.571"/>
</for>
<status status="PASS" starttime="20231122 14:58:05.567" endtime="20231122 14:58:05.571"/>
</kw>
<doc>Você controla quando o FOR deve se encerrar antes de terminar todos os LOOPS</doc>
<status status="PASS" starttime="20231122 14:58:05.566" endtime="20231122 14:58:05.572"/>
</test>
<doc>Vamos aprender a fazer LOOPS usando o Robot Framework!!</doc>
<status status="PASS" starttime="20231122 14:58:05.543" endtime="20231122 14:58:05.573"/>
</suite>
<suite id="s1-s4" name="UsandoWhile" source="D:\ESTUDO\UDEMY\CursoUdemy\RobotFramework\WebTesting\ExemplosEstruturas\UsandoWhile.robot">
<test id="s1-s4-t1" name="Caso de teste exemplo de WHILE" line="17">
<kw name="Log To Console" library="BuiltIn" type="SETUP">
<arg>${\n}</arg>
<doc>Logs the given message to the console.</doc>
<status status="PASS" starttime="20231122 14:58:05.578" endtime="20231122 14:58:05.578"/>
</kw>
<kw name="Usando WHILE para loop">
<kw name="Log To Console" library="BuiltIn">
<arg>${\n}</arg>
<doc>Logs the given message to the console.</doc>
<status status="PASS" starttime="20231122 14:58:05.578" endtime="20231122 14:58:05.579"/>
</kw>
<while condition="${STATUS} &lt;= 5">
<iter>
<kw name="Log" library="BuiltIn">
<arg>Executando esse bloco enquanto o valor da variável STATUS [${STATUS}] for menor ou igual a 5!</arg>
<doc>Logs the given message with the given level.</doc>
<msg timestamp="20231122 14:58:05.579" level="INFO">Executando esse bloco enquanto o valor da variável STATUS [1] for menor ou igual a 5!</msg>
<status status="PASS" starttime="20231122 14:58:05.579" endtime="20231122 14:58:05.579"/>
</kw>
<kw name="Log To Console" library="BuiltIn">
<arg>Executando esse bloco enquanto o valor da variável STATUS [${STATUS}] for menor ou igual a 5!</arg>
<doc>Logs the given message to the console.</doc>
<status status="PASS" starttime="20231122 14:58:05.579" endtime="20231122 14:58:05.580"/>
</kw>
<kw name="Set Variable" library="BuiltIn">
<var>${STATUS}</var>
<arg>${STATUS+1}</arg>
<doc>Returns the given values which can then be assigned to a variables.</doc>
<msg timestamp="20231122 14:58:05.580" level="INFO">${STATUS} = 2</msg>
<status status="PASS" starttime="20231122 14:58:05.580" endtime="20231122 14:58:05.580"/>
</kw>
<status status="PASS" starttime="20231122 14:58:05.579" endtime="20231122 14:58:05.580"/>
</iter>
<iter>
<kw name="Log" library="BuiltIn">
<arg>Executando esse bloco enquanto o valor da variável STATUS [${STATUS}] for menor ou igual a 5!</arg>
<doc>Logs the given message with the given level.</doc>
<msg timestamp="20231122 14:58:05.580" level="INFO">Executando esse bloco enquanto o valor da variável STATUS [2] for menor ou igual a 5!</msg>
<status status="PASS" starttime="20231122 14:58:05.580" endtime="20231122 14:58:05.580"/>
</kw>
<kw name="Log To Console" library="BuiltIn">
<arg>Executando esse bloco enquanto o valor da variável STATUS [${STATUS}] for menor ou igual a 5!</arg>
<doc>Logs the given message to the console.</doc>
<status status="PASS" starttime="20231122 14:58:05.580" endtime="20231122 14:58:05.581"/>
</kw>
<kw name="Set Variable" library="BuiltIn">
<var>${STATUS}</var>
<arg>${STATUS+1}</arg>
<doc>Returns the given values which can then be assigned to a variables.</doc>
<msg timestamp="20231122 14:58:05.581" level="INFO">${STATUS} = 3</msg>
<status status="PASS" starttime="20231122 14:58:05.581" endtime="20231122 14:58:05.581"/>
</kw>
<status status="PASS" starttime="20231122 14:58:05.580" endtime="20231122 14:58:05.581"/>
</iter>
<iter>
<kw name="Log" library="BuiltIn">
<arg>Executando esse bloco enquanto o valor da variável STATUS [${STATUS}] for menor ou igual a 5!</arg>
<doc>Logs the given message with the given level.</doc>
<msg timestamp="20231122 14:58:05.581" level="INFO">Executando esse bloco enquanto o valor da variável STATUS [3] for menor ou igual a 5!</msg>
<status status="PASS" starttime="20231122 14:58:05.581" endtime="20231122 14:58:05.581"/>
</kw>
<kw name="Log To Console" library="BuiltIn">
<arg>Executando esse bloco enquanto o valor da variável STATUS [${STATUS}] for menor ou igual a 5!</arg>
<doc>Logs the given message to the console.</doc>
<status status="PASS" starttime="20231122 14:58:05.581" endtime="20231122 14:58:05.581"/>
</kw>
<kw name="Set Variable" library="BuiltIn">
<var>${STATUS}</var>
<arg>${STATUS+1}</arg>
<doc>Returns the given values which can then be assigned to a variables.</doc>
<msg timestamp="20231122 14:58:05.582" level="INFO">${STATUS} = 4</msg>
<status status="PASS" starttime="20231122 14:58:05.582" endtime="20231122 14:58:05.582"/>
</kw>
<status status="PASS" starttime="20231122 14:58:05.581" endtime="20231122 14:58:05.582"/>
</iter>
<iter>
<kw name="Log" library="BuiltIn">
<arg>Executando esse bloco enquanto o valor da variável STATUS [${STATUS}] for menor ou igual a 5!</arg>
<doc>Logs the given message with the given level.</doc>
<msg timestamp="20231122 14:58:05.582" level="INFO">Executando esse bloco enquanto o valor da variável STATUS [4] for menor ou igual a 5!</msg>
<status status="PASS" starttime="20231122 14:58:05.582" endtime="20231122 14:58:05.582"/>
</kw>
<kw name="Log To Console" library="BuiltIn">
<arg>Executando esse bloco enquanto o valor da variável STATUS [${STATUS}] for menor ou igual a 5!</arg>
<doc>Logs the given message to the console.</doc>
<status status="PASS" starttime="20231122 14:58:05.582" endtime="20231122 14:58:05.582"/>
</kw>
<kw name="Set Variable" library="BuiltIn">
<var>${STATUS}</var>
<arg>${STATUS+1}</arg>
<doc>Returns the given values which can then be assigned to a variables.</doc>
<msg timestamp="20231122 14:58:05.583" level="INFO">${STATUS} = 5</msg>
<status status="PASS" starttime="20231122 14:58:05.582" endtime="20231122 14:58:05.583"/>
</kw>
<status status="PASS" starttime="20231122 14:58:05.582" endtime="20231122 14:58:05.583"/>
</iter>
<iter>
<kw name="Log" library="BuiltIn">
<arg>Executando esse bloco enquanto o valor da variável STATUS [${STATUS}] for menor ou igual a 5!</arg>
<doc>Logs the given message with the given level.</doc>
<msg timestamp="20231122 14:58:05.583" level="INFO">Executando esse bloco enquanto o valor da variável STATUS [5] for menor ou igual a 5!</msg>
<status status="PASS" starttime="20231122 14:58:05.583" endtime="20231122 14:58:05.583"/>
</kw>
<kw name="Log To Console" library="BuiltIn">
<arg>Executando esse bloco enquanto o valor da variável STATUS [${STATUS}] for menor ou igual a 5!</arg>
<doc>Logs the given message to the console.</doc>
<status status="PASS" starttime="20231122 14:58:05.583" endtime="20231122 14:58:05.583"/>
</kw>
<kw name="Set Variable" library="BuiltIn">
<var>${STATUS}</var>
<arg>${STATUS+1}</arg>
<doc>Returns the given values which can then be assigned to a variables.</doc>
<msg timestamp="20231122 14:58:05.584" level="INFO">${STATUS} = 6</msg>
<status status="PASS" starttime="20231122 14:58:05.583" endtime="20231122 14:58:05.584"/>
</kw>
<status status="PASS" starttime="20231122 14:58:05.583" endtime="20231122 14:58:05.584"/>
</iter>
<status status="PASS" starttime="20231122 14:58:05.579" endtime="20231122 14:58:05.584"/>
</while>
<status status="PASS" starttime="20231122 14:58:05.578" endtime="20231122 14:58:05.584"/>
</kw>
<kw name="Log To Console" library="BuiltIn" type="TEARDOWN">
<arg>${\n}</arg>
<doc>Logs the given message to the console.</doc>
<status status="PASS" starttime="20231122 14:58:05.584" endtime="20231122 14:58:05.584"/>
</kw>
<status status="PASS" starttime="20231122 14:58:05.577" endtime="20231122 14:58:05.585"/>
</test>
<doc>Suíte para exemplificar o uso de LOOPS nos testes
Os LOOPS devem ser pouco utilizados, mas tem hora que não tem jeito
e precisamos dele mesmo, então vamos ver como é!
LOOPS: use com moderação!
Infelizmente o Loop FOR ainda não tem uma estrutura keyword-driven
Mas o criador do Robot já disse que estão estudando uma solução!</doc>
<status status="PASS" starttime="20231122 14:58:05.574" endtime="20231122 14:58:05.585"/>
</suite>
<status status="PASS" starttime="20231122 14:57:58.719" endtime="20231122 14:58:05.588"/>
</suite>
<statistics>
<total>
<stat pass="10" fail="0" skip="0">All Tests</stat>
</total>
<tag>
</tag>
<suite>
<stat pass="10" fail="0" skip="0" id="s1" name="ExemplosEstruturas">ExemplosEstruturas</stat>
<stat pass="3" fail="0" skip="0" id="s1-s1" name="UsandoBlocosIF">ExemplosEstruturas.UsandoBlocosIF</stat>
<stat pass="1" fail="0" skip="0" id="s1-s2" name="UsandoLogs">ExemplosEstruturas.UsandoLogs</stat>
<stat pass="5" fail="0" skip="0" id="s1-s3" name="UsandoLoops">ExemplosEstruturas.UsandoLoops</stat>
<stat pass="1" fail="0" skip="0" id="s1-s4" name="UsandoWhile">ExemplosEstruturas.UsandoWhile</stat>
</suite>
</statistics>
<errors>
</errors>
</robot>
