<?xml version="1.0" encoding="UTF-8"?>
<robot generator="Robot 6.1.1 (Python 3.11.0 on win32)" generated="20231122 11:32:35.727" rpa="false" schemaversion="4">
<suite id="s1" name="UsandoLoops" source="D:\ESTUDO\UDEMY\CursoUdemy\RobotFramework\WebTesting\ExemplosEstruturas\UsandoLoops.robot">
<test id="s1-t1" name="Teste de REPEAT KEYWORD" line="9">
<kw name="Usando Repeat keyword">
<kw name="Log To Console" library="BuiltIn">
<arg>${\n}</arg>
<doc>Logs the given message to the console.</doc>
<status status="PASS" starttime="20231122 11:32:35.744" endtime="20231122 11:32:35.744"/>
</kw>
<kw name="Repeat Keyword" library="BuiltIn">
<arg>8x</arg>
<arg>Log To Console</arg>
<arg>Minha repetição da keyword!!!</arg>
<doc>Executes the specified keyword multiple times.</doc>
<msg timestamp="20231122 11:32:35.745" level="INFO">Repeating keyword, round 1/8.</msg>
<kw name="Log To Console" library="BuiltIn">
<arg>Minha repetição da keyword!!!</arg>
<doc>Logs the given message to the console.</doc>
<status status="PASS" starttime="20231122 11:32:35.745" endtime="20231122 11:32:35.745"/>
</kw>
<msg timestamp="20231122 11:32:35.745" level="INFO">Repeating keyword, round 2/8.</msg>
<kw name="Log To Console" library="BuiltIn">
<arg>Minha repetição da keyword!!!</arg>
<doc>Logs the given message to the console.</doc>
<status status="PASS" starttime="20231122 11:32:35.745" endtime="20231122 11:32:35.745"/>
</kw>
<msg timestamp="20231122 11:32:35.745" level="INFO">Repeating keyword, round 3/8.</msg>
<kw name="Log To Console" library="BuiltIn">
<arg>Minha repetição da keyword!!!</arg>
<doc>Logs the given message to the console.</doc>
<status status="PASS" starttime="20231122 11:32:35.745" endtime="20231122 11:32:35.746"/>
</kw>
<msg timestamp="20231122 11:32:35.746" level="INFO">Repeating keyword, round 4/8.</msg>
<kw name="Log To Console" library="BuiltIn">
<arg>Minha repetição da keyword!!!</arg>
<doc>Logs the given message to the console.</doc>
<status status="PASS" starttime="20231122 11:32:35.746" endtime="20231122 11:32:35.746"/>
</kw>
<msg timestamp="20231122 11:32:35.746" level="INFO">Repeating keyword, round 5/8.</msg>
<kw name="Log To Console" library="BuiltIn">
<arg>Minha repetição da keyword!!!</arg>
<doc>Logs the given message to the console.</doc>
<status status="PASS" starttime="20231122 11:32:35.746" endtime="20231122 11:32:35.747"/>
</kw>
<msg timestamp="20231122 11:32:35.747" level="INFO">Repeating keyword, round 6/8.</msg>
<kw name="Log To Console" library="BuiltIn">
<arg>Minha repetição da keyword!!!</arg>
<doc>Logs the given message to the console.</doc>
<status status="PASS" starttime="20231122 11:32:35.747" endtime="20231122 11:32:35.747"/>
</kw>
<msg timestamp="20231122 11:32:35.747" level="INFO">Repeating keyword, round 7/8.</msg>
<kw name="Log To Console" library="BuiltIn">
<arg>Minha repetição da keyword!!!</arg>
<doc>Logs the given message to the console.</doc>
<status status="PASS" starttime="20231122 11:32:35.747" endtime="20231122 11:32:35.747"/>
</kw>
<msg timestamp="20231122 11:32:35.747" level="INFO">Repeating keyword, round 8/8.</msg>
<kw name="Log To Console" library="BuiltIn">
<arg>Minha repetição da keyword!!!</arg>
<doc>Logs the given message to the console.</doc>
<status status="PASS" starttime="20231122 11:32:35.747" endtime="20231122 11:32:35.747"/>
</kw>
<status status="PASS" starttime="20231122 11:32:35.744" endtime="20231122 11:32:35.747"/>
</kw>
<status status="PASS" starttime="20231122 11:32:35.744" endtime="20231122 11:32:35.747"/>
</kw>
<doc>Chama uma mesma keyword várias vezes</doc>
<status status="PASS" starttime="20231122 11:32:35.743" endtime="20231122 11:32:35.748"/>
</test>
<test id="s1-t2" name="Teste de FOR do tipo IN RANGE" line="13">
<kw name="Usando FOR IN RANGE">
<kw name="Log To Console" library="BuiltIn">
<arg>${\n}</arg>
<doc>Logs the given message to the console.</doc>
<status status="PASS" starttime="20231122 11:32:35.749" endtime="20231122 11:32:35.749"/>
</kw>
<for flavor="IN RANGE">
<var>${CONTADOR}</var>
<value>0</value>
<value>5</value>
<iter>
<var name="${CONTADOR}">0</var>
<kw name="Log To Console" library="BuiltIn">
<arg>Minha posição agora é: ${CONTADOR}</arg>
<doc>Logs the given message to the console.</doc>
<status status="PASS" starttime="20231122 11:32:35.749" endtime="20231122 11:32:35.749"/>
</kw>
<kw name="Log" library="BuiltIn">
<arg>Minha posição agora é: ${CONTADOR}</arg>
<doc>Logs the given message with the given level.</doc>
<msg timestamp="20231122 11:32:35.750" level="INFO">Minha posição agora é: 0</msg>
<status status="PASS" starttime="20231122 11:32:35.750" endtime="20231122 11:32:35.750"/>
</kw>
<status status="PASS" starttime="20231122 11:32:35.749" endtime="20231122 11:32:35.750"/>
</iter>
<iter>
<var name="${CONTADOR}">1</var>
<kw name="Log To Console" library="BuiltIn">
<arg>Minha posição agora é: ${CONTADOR}</arg>
<doc>Logs the given message to the console.</doc>
<status status="PASS" starttime="20231122 11:32:35.750" endtime="20231122 11:32:35.750"/>
</kw>
<kw name="Log" library="BuiltIn">
<arg>Minha posição agora é: ${CONTADOR}</arg>
<doc>Logs the given message with the given level.</doc>
<msg timestamp="20231122 11:32:35.750" level="INFO">Minha posição agora é: 1</msg>
<status status="PASS" starttime="20231122 11:32:35.750" endtime="20231122 11:32:35.750"/>
</kw>
<status status="PASS" starttime="20231122 11:32:35.750" endtime="20231122 11:32:35.750"/>
</iter>
<iter>
<var name="${CONTADOR}">2</var>
<kw name="Log To Console" library="BuiltIn">
<arg>Minha posição agora é: ${CONTADOR}</arg>
<doc>Logs the given message to the console.</doc>
<status status="PASS" starttime="20231122 11:32:35.750" endtime="20231122 11:32:35.751"/>
</kw>
<kw name="Log" library="BuiltIn">
<arg>Minha posição agora é: ${CONTADOR}</arg>
<doc>Logs the given message with the given level.</doc>
<msg timestamp="20231122 11:32:35.751" level="INFO">Minha posição agora é: 2</msg>
<status status="PASS" starttime="20231122 11:32:35.751" endtime="20231122 11:32:35.751"/>
</kw>
<status status="PASS" starttime="20231122 11:32:35.750" endtime="20231122 11:32:35.751"/>
</iter>
<iter>
<var name="${CONTADOR}">3</var>
<kw name="Log To Console" library="BuiltIn">
<arg>Minha posição agora é: ${CONTADOR}</arg>
<doc>Logs the given message to the console.</doc>
<status status="PASS" starttime="20231122 11:32:35.751" endtime="20231122 11:32:35.751"/>
</kw>
<kw name="Log" library="BuiltIn">
<arg>Minha posição agora é: ${CONTADOR}</arg>
<doc>Logs the given message with the given level.</doc>
<msg timestamp="20231122 11:32:35.751" level="INFO">Minha posição agora é: 3</msg>
<status status="PASS" starttime="20231122 11:32:35.751" endtime="20231122 11:32:35.751"/>
</kw>
<status status="PASS" starttime="20231122 11:32:35.751" endtime="20231122 11:32:35.751"/>
</iter>
<iter>
<var name="${CONTADOR}">4</var>
<kw name="Log To Console" library="BuiltIn">
<arg>Minha posição agora é: ${CONTADOR}</arg>
<doc>Logs the given message to the console.</doc>
<status status="PASS" starttime="20231122 11:32:35.751" endtime="20231122 11:32:35.752"/>
</kw>
<kw name="Log" library="BuiltIn">
<arg>Minha posição agora é: ${CONTADOR}</arg>
<doc>Logs the given message with the given level.</doc>
<msg timestamp="20231122 11:32:35.752" level="INFO">Minha posição agora é: 4</msg>
<status status="PASS" starttime="20231122 11:32:35.752" endtime="20231122 11:32:35.752"/>
</kw>
<status status="PASS" starttime="20231122 11:32:35.751" endtime="20231122 11:32:35.752"/>
</iter>
<status status="PASS" starttime="20231122 11:32:35.749" endtime="20231122 11:32:35.752"/>
</for>
<status status="PASS" starttime="20231122 11:32:35.748" endtime="20231122 11:32:35.752"/>
</kw>
<doc>Faz um loop dentro de um intervalo que você passar</doc>
<status status="PASS" starttime="20231122 11:32:35.748" endtime="20231122 11:32:35.752"/>
</test>
<test id="s1-t3" name="Teste de FOR do tipo IN" line="17">
<kw name="Usando FOR IN">
<kw name="Log To Console" library="BuiltIn">
<arg>${\n}</arg>
<doc>Logs the given message to the console.</doc>
<status status="PASS" starttime="20231122 11:32:35.753" endtime="20231122 11:32:35.753"/>
</kw>
<for flavor="IN">
<var>${FRUTA}</var>
<value>@{MINHA_LISTA_DE_FRUTAS}</value>
<iter>
<var name="${FRUTA}">maça</var>
<kw name="Log To Console" library="BuiltIn">
<arg>Minha fruta é: ${FRUTA}!</arg>
<doc>Logs the given message to the console.</doc>
<status status="PASS" starttime="20231122 11:32:35.754" endtime="20231122 11:32:35.754"/>
</kw>
<kw name="No Operation" library="BuiltIn">
<doc>Does absolutely nothing.</doc>
<status status="PASS" starttime="20231122 11:32:35.754" endtime="20231122 11:32:35.754"/>
</kw>
<status status="PASS" starttime="20231122 11:32:35.753" endtime="20231122 11:32:35.754"/>
</iter>
<iter>
<var name="${FRUTA}">abacaxi</var>
<kw name="Log To Console" library="BuiltIn">
<arg>Minha fruta é: ${FRUTA}!</arg>
<doc>Logs the given message to the console.</doc>
<status status="PASS" starttime="20231122 11:32:35.754" endtime="20231122 11:32:35.755"/>
</kw>
<kw name="No Operation" library="BuiltIn">
<doc>Does absolutely nothing.</doc>
<status status="PASS" starttime="20231122 11:32:35.755" endtime="20231122 11:32:35.755"/>
</kw>
<status status="PASS" starttime="20231122 11:32:35.754" endtime="20231122 11:32:35.755"/>
</iter>
<iter>
<var name="${FRUTA}">banana</var>
<kw name="Log To Console" library="BuiltIn">
<arg>Minha fruta é: ${FRUTA}!</arg>
<doc>Logs the given message to the console.</doc>
<status status="PASS" starttime="20231122 11:32:35.755" endtime="20231122 11:32:35.755"/>
</kw>
<kw name="No Operation" library="BuiltIn">
<doc>Does absolutely nothing.</doc>
<status status="PASS" starttime="20231122 11:32:35.755" endtime="20231122 11:32:35.755"/>
</kw>
<status status="PASS" starttime="20231122 11:32:35.755" endtime="20231122 11:32:35.755"/>
</iter>
<iter>
<var name="${FRUTA}">morango</var>
<kw name="Log To Console" library="BuiltIn">
<arg>Minha fruta é: ${FRUTA}!</arg>
<doc>Logs the given message to the console.</doc>
<status status="PASS" starttime="20231122 11:32:35.755" endtime="20231122 11:32:35.755"/>
</kw>
<kw name="No Operation" library="BuiltIn">
<doc>Does absolutely nothing.</doc>
<status status="PASS" starttime="20231122 11:32:35.756" endtime="20231122 11:32:35.756"/>
</kw>
<status status="PASS" starttime="20231122 11:32:35.755" endtime="20231122 11:32:35.756"/>
</iter>
<iter>
<var name="${FRUTA}">laranja</var>
<kw name="Log To Console" library="BuiltIn">
<arg>Minha fruta é: ${FRUTA}!</arg>
<doc>Logs the given message to the console.</doc>
<status status="PASS" starttime="20231122 11:32:35.756" endtime="20231122 11:32:35.756"/>
</kw>
<kw name="No Operation" library="BuiltIn">
<doc>Does absolutely nothing.</doc>
<status status="PASS" starttime="20231122 11:32:35.756" endtime="20231122 11:32:35.756"/>
</kw>
<status status="PASS" starttime="20231122 11:32:35.756" endtime="20231122 11:32:35.756"/>
</iter>
<iter>
<var name="${FRUTA}">uva</var>
<kw name="Log To Console" library="BuiltIn">
<arg>Minha fruta é: ${FRUTA}!</arg>
<doc>Logs the given message to the console.</doc>
<status status="PASS" starttime="20231122 11:32:35.756" endtime="20231122 11:32:35.756"/>
</kw>
<kw name="No Operation" library="BuiltIn">
<doc>Does absolutely nothing.</doc>
<status status="PASS" starttime="20231122 11:32:35.756" endtime="20231122 11:32:35.756"/>
</kw>
<status status="PASS" starttime="20231122 11:32:35.756" endtime="20231122 11:32:35.757"/>
</iter>
<status status="PASS" starttime="20231122 11:32:35.753" endtime="20231122 11:32:35.757"/>
</for>
<status status="PASS" starttime="20231122 11:32:35.753" endtime="20231122 11:32:35.757"/>
</kw>
<doc>Faz um loop percorrendo a lista que você passar</doc>
<status status="PASS" starttime="20231122 11:32:35.753" endtime="20231122 11:32:35.757"/>
</test>
<test id="s1-t4" name="Teste de FOR do tipo IN ENUMERATE" line="21">
<kw name="Usando FOR IN ENUMERATE">
<kw name="Log To Console" library="BuiltIn">
<arg>${\n}</arg>
<doc>Logs the given message to the console.</doc>
<status status="PASS" starttime="20231122 11:32:35.758" endtime="20231122 11:32:35.758"/>
</kw>
<for flavor="IN ENUMERATE">
<var>${INDICE}</var>
<var>${FRUTA}</var>
<value>@{MINHA_LISTA_DE_FRUTAS}</value>
<iter>
<var name="${INDICE}">0</var>
<var name="${FRUTA}">maça</var>
<kw name="Log To Console" library="BuiltIn">
<arg>Minha fruta é: ${INDICE} --&gt; ${FRUTA}!</arg>
<doc>Logs the given message to the console.</doc>
<status status="PASS" starttime="20231122 11:32:35.758" endtime="20231122 11:32:35.759"/>
</kw>
<kw name="No Operation" library="BuiltIn">
<doc>Does absolutely nothing.</doc>
<status status="PASS" starttime="20231122 11:32:35.759" endtime="20231122 11:32:35.759"/>
</kw>
<status status="PASS" starttime="20231122 11:32:35.758" endtime="20231122 11:32:35.759"/>
</iter>
<iter>
<var name="${INDICE}">1</var>
<var name="${FRUTA}">abacaxi</var>
<kw name="Log To Console" library="BuiltIn">
<arg>Minha fruta é: ${INDICE} --&gt; ${FRUTA}!</arg>
<doc>Logs the given message to the console.</doc>
<status status="PASS" starttime="20231122 11:32:35.759" endtime="20231122 11:32:35.759"/>
</kw>
<kw name="No Operation" library="BuiltIn">
<doc>Does absolutely nothing.</doc>
<status status="PASS" starttime="20231122 11:32:35.760" endtime="20231122 11:32:35.760"/>
</kw>
<status status="PASS" starttime="20231122 11:32:35.759" endtime="20231122 11:32:35.760"/>
</iter>
<iter>
<var name="${INDICE}">2</var>
<var name="${FRUTA}">banana</var>
<kw name="Log To Console" library="BuiltIn">
<arg>Minha fruta é: ${INDICE} --&gt; ${FRUTA}!</arg>
<doc>Logs the given message to the console.</doc>
<status status="PASS" starttime="20231122 11:32:35.760" endtime="20231122 11:32:35.760"/>
</kw>
<kw name="No Operation" library="BuiltIn">
<doc>Does absolutely nothing.</doc>
<status status="PASS" starttime="20231122 11:32:35.760" endtime="20231122 11:32:35.760"/>
</kw>
<status status="PASS" starttime="20231122 11:32:35.760" endtime="20231122 11:32:35.760"/>
</iter>
<iter>
<var name="${INDICE}">3</var>
<var name="${FRUTA}">morango</var>
<kw name="Log To Console" library="BuiltIn">
<arg>Minha fruta é: ${INDICE} --&gt; ${FRUTA}!</arg>
<doc>Logs the given message to the console.</doc>
<status status="PASS" starttime="20231122 11:32:35.760" endtime="20231122 11:32:35.760"/>
</kw>
<kw name="No Operation" library="BuiltIn">
<doc>Does absolutely nothing.</doc>
<status status="PASS" starttime="20231122 11:32:35.760" endtime="20231122 11:32:35.761"/>
</kw>
<status status="PASS" starttime="20231122 11:32:35.760" endtime="20231122 11:32:35.761"/>
</iter>
<iter>
<var name="${INDICE}">4</var>
<var name="${FRUTA}">laranja</var>
<kw name="Log To Console" library="BuiltIn">
<arg>Minha fruta é: ${INDICE} --&gt; ${FRUTA}!</arg>
<doc>Logs the given message to the console.</doc>
<status status="PASS" starttime="20231122 11:32:35.761" endtime="20231122 11:32:35.761"/>
</kw>
<kw name="No Operation" library="BuiltIn">
<doc>Does absolutely nothing.</doc>
<status status="PASS" starttime="20231122 11:32:35.761" endtime="20231122 11:32:35.761"/>
</kw>
<status status="PASS" starttime="20231122 11:32:35.761" endtime="20231122 11:32:35.761"/>
</iter>
<iter>
<var name="${INDICE}">5</var>
<var name="${FRUTA}">uva</var>
<kw name="Log To Console" library="BuiltIn">
<arg>Minha fruta é: ${INDICE} --&gt; ${FRUTA}!</arg>
<doc>Logs the given message to the console.</doc>
<status status="PASS" starttime="20231122 11:32:35.761" endtime="20231122 11:32:35.761"/>
</kw>
<kw name="No Operation" library="BuiltIn">
<doc>Does absolutely nothing.</doc>
<status status="PASS" starttime="20231122 11:32:35.761" endtime="20231122 11:32:35.761"/>
</kw>
<status status="PASS" starttime="20231122 11:32:35.761" endtime="20231122 11:32:35.761"/>
</iter>
<status status="PASS" starttime="20231122 11:32:35.758" endtime="20231122 11:32:35.761"/>
</for>
<status status="PASS" starttime="20231122 11:32:35.758" endtime="20231122 11:32:35.761"/>
</kw>
<doc>Faz um loop percorrendo a lista que você passar e percorre o indíce da lista</doc>
<status status="PASS" starttime="20231122 11:32:35.757" endtime="20231122 11:32:35.762"/>
</test>
<test id="s1-t5" name="Teste de Sair do FOR" line="25">
<kw name="Usando FOR IN com EXIT FOR LOOP IF">
<kw name="Log To Console" library="BuiltIn">
<arg>${\n}</arg>
<doc>Logs the given message to the console.</doc>
<status status="PASS" starttime="20231122 11:32:35.764" endtime="20231122 11:32:35.765"/>
</kw>
<for flavor="IN ENUMERATE">
<var>${INDICE}</var>
<var>${FRUTA}</var>
<value>@{MINHA_LISTA_DE_FRUTAS}</value>
<iter>
<var name="${INDICE}">0</var>
<var name="${FRUTA}">maça</var>
<kw name="Log To Console" library="BuiltIn">
<arg>Minha fruta é: ${INDICE} --&gt; ${FRUTA}!</arg>
<doc>Logs the given message to the console.</doc>
<status status="PASS" starttime="20231122 11:32:35.765" endtime="20231122 11:32:35.765"/>
</kw>
<kw name="Exit For Loop If" library="BuiltIn">
<arg>'${FRUTA}'=='banana'</arg>
<doc>Stops executing the enclosing FOR loop if the ``condition`` is true.</doc>
<status status="PASS" starttime="20231122 11:32:35.765" endtime="20231122 11:32:35.766"/>
</kw>
<status status="PASS" starttime="20231122 11:32:35.765" endtime="20231122 11:32:35.766"/>
</iter>
<iter>
<var name="${INDICE}">1</var>
<var name="${FRUTA}">abacaxi</var>
<kw name="Log To Console" library="BuiltIn">
<arg>Minha fruta é: ${INDICE} --&gt; ${FRUTA}!</arg>
<doc>Logs the given message to the console.</doc>
<status status="PASS" starttime="20231122 11:32:35.766" endtime="20231122 11:32:35.767"/>
</kw>
<kw name="Exit For Loop If" library="BuiltIn">
<arg>'${FRUTA}'=='banana'</arg>
<doc>Stops executing the enclosing FOR loop if the ``condition`` is true.</doc>
<status status="PASS" starttime="20231122 11:32:35.767" endtime="20231122 11:32:35.767"/>
</kw>
<status status="PASS" starttime="20231122 11:32:35.766" endtime="20231122 11:32:35.767"/>
</iter>
<iter>
<var name="${INDICE}">2</var>
<var name="${FRUTA}">banana</var>
<kw name="Log To Console" library="BuiltIn">
<arg>Minha fruta é: ${INDICE} --&gt; ${FRUTA}!</arg>
<doc>Logs the given message to the console.</doc>
<status status="PASS" starttime="20231122 11:32:35.767" endtime="20231122 11:32:35.767"/>
</kw>
<kw name="Exit For Loop If" library="BuiltIn">
<arg>'${FRUTA}'=='banana'</arg>
<doc>Stops executing the enclosing FOR loop if the ``condition`` is true.</doc>
<msg timestamp="20231122 11:32:35.768" level="INFO">Exiting for loop altogether.</msg>
<status status="PASS" starttime="20231122 11:32:35.767" endtime="20231122 11:32:35.768"/>
</kw>
<status status="PASS" starttime="20231122 11:32:35.767" endtime="20231122 11:32:35.768"/>
</iter>
<status status="PASS" starttime="20231122 11:32:35.765" endtime="20231122 11:32:35.768"/>
</for>
<status status="PASS" starttime="20231122 11:32:35.764" endtime="20231122 11:32:35.768"/>
</kw>
<doc>Você controla quando o FOR deve se encerrar antes de terminar todos os LOOPS</doc>
<status status="PASS" starttime="20231122 11:32:35.763" endtime="20231122 11:32:35.768"/>
</test>
<doc>Vamos aprender a fazer LOOPS usando o Robot Framework!!</doc>
<status status="PASS" starttime="20231122 11:32:35.728" endtime="20231122 11:32:35.769"/>
</suite>
<statistics>
<total>
<stat pass="5" fail="0" skip="0">All Tests</stat>
</total>
<tag>
</tag>
<suite>
<stat pass="5" fail="0" skip="0" id="s1" name="UsandoLoops">UsandoLoops</stat>
</suite>
</statistics>
<errors>
</errors>
</robot>
